INFO  2023-03-07 01:24:58 [main] lesson32.Lesson32 (Lesson32.java:12) - log info: Hello, world
ERROR 2023-03-07 01:24:58 [main] lesson32.Lesson32 (Lesson32.java:13) - log error
WARN  2023-03-07 01:24:58 [main] lesson32.Lesson32 (Lesson32.java:16) - log warn
FATAL 2023-03-07 01:24:58 [main] lesson32.Lesson32 (Lesson32.java:17) - log fatal
INFO  2023-03-07 01:28:09 [main] lesson32.Lesson32 (Lesson32.java:12) - log info: Hello, world
ERROR 2023-03-07 01:28:09 [main] lesson32.Lesson32 (Lesson32.java:13) - log error
WARN  2023-03-07 01:28:09 [main] lesson32.Lesson32 (Lesson32.java:16) - log warn
FATAL 2023-03-07 01:28:09 [main] lesson32.Lesson32 (Lesson32.java:17) - log fatal
INFO  2023-03-07 01:28:37 [main] lesson32.Lesson32 (Lesson32.java:12) - log info: Hello, world
ERROR 2023-03-07 01:28:37 [main] lesson32.Lesson32 (Lesson32.java:13) - log error
WARN  2023-03-07 01:28:37 [main] lesson32.Lesson32 (Lesson32.java:16) - log warn
FATAL 2023-03-07 01:28:37 [main] lesson32.Lesson32 (Lesson32.java:17) - log fatal
INFO  2023-03-07 01:30:20 [main] lesson32.Lesson32 (Lesson32.java:12) - log info: Hello, world
ERROR 2023-03-07 01:30:20 [main] lesson32.Lesson32 (Lesson32.java:13) - log error
WARN  2023-03-07 01:30:20 [main] lesson32.Lesson32 (Lesson32.java:16) - log warn
FATAL 2023-03-07 01:30:20 [main] lesson32.Lesson32 (Lesson32.java:17) - log fatal
INFO  2023-03-07 01:31:18 [main] lesson32.Lesson32 (Lesson32.java:12) - log info: Hello, world
ERROR 2023-03-07 01:31:18 [main] lesson32.Lesson32 (Lesson32.java:13) - log error
DEBUG 2023-03-07 01:31:18 [main] lesson32.Lesson32 (Lesson32.java:15) - log debug
WARN  2023-03-07 01:31:18 [main] lesson32.Lesson32 (Lesson32.java:16) - log warn
FATAL 2023-03-07 01:31:18 [main] lesson32.Lesson32 (Lesson32.java:17) - log fatal
ERROR 2023-03-07 01:46:08 [main] lesson32.Lesson32 (Lesson32.java:13) - log error
FATAL 2023-03-07 01:46:08 [main] lesson32.Lesson32 (Lesson32.java:17) - log fatal
INFO  2023-03-07 01:46:33 [main] lesson32.Lesson32 (Lesson32.java:12) - log info: Hello, world
ERROR 2023-03-07 01:46:33 [main] lesson32.Lesson32 (Lesson32.java:13) - log error
WARN  2023-03-07 01:46:33 [main] lesson32.Lesson32 (Lesson32.java:16) - log warn
FATAL 2023-03-07 01:46:33 [main] lesson32.Lesson32 (Lesson32.java:17) - log fatal
FATAL 2023-03-07 01:50:15 [main] lesson32.Lesson32 (Lesson32.java:12) - log fatal
ERROR 2023-03-07 01:50:15 [main] lesson32.Lesson32 (Lesson32.java:14) - log error
WARN  2023-03-07 01:50:15 [main] lesson32.Lesson32 (Lesson32.java:16) - log warn
INFO  2023-03-07 01:50:15 [main] lesson32.Lesson32 (Lesson32.java:18) - log info: Hello, world
DEBUG 2023-03-07 01:50:15 [main] lesson32.Lesson32 (Lesson32.java:20) - log debug
